<?xml version="1.0" encoding="utf-8"?><testsuites name="pytest tests"><testsuite name="pytest" errors="0" failures="0" skipped="0" tests="12" time="3.231" timestamp="2026-08-28T20:58:31.961296+00:00" hostname="agent-env-85286989-79ec-4b74-8fd4-8f8463de2ea3"><testcase classname="tests.test_gopal_api" name="test_config_returns_full_structure" time="0.339" /><testcase classname="tests.test_gopal_api" name="test_admin_verify_ok" time="0.205" /><testcase classname="tests.test_gopal_api" name="test_admin_verify_wrong" time="0.082" /><testcase classname="tests.test_gopal_api" name="test_serve_seeded_asset" time="0.512" /><testcase classname="tests.test_gopal_api" name="test_serve_missing_file_404" time="0.426" /><testcase classname="tests.test_gopal_api" name="test_upload_without_pin_rejected" time="0.081" /><testcase classname="tests.test_gopal_api" name="test_upload_with_wrong_pin_rejected" time="0.076" /><testcase classname="tests.test_gopal_api" name="test_upload_with_pin_updates_config" time="0.768" /><testcase classname="tests.test_gopal_api" name="test_upload_invalid_slot" time="0.078" /><testcase classname="tests.test_gopal_api" name="test_progress_save_and_read" time="0.180" /><testcase classname="tests.test_gopal_api" name="test_progress_missing_date_default" time="0.079" /><testcase classname="tests.test_gopal_api" name="test_seed_status" time="0.086" /></testsuite></testsuites>