<?xml version="1.0" encoding="utf-8"?><testsuites name="pytest tests"><testsuite name="pytest" errors="0" failures="0" skipped="0" tests="17" time="4.007" timestamp="2026-08-28T21:14:58.686355+00:00" hostname="agent-env-85286989-79ec-4b74-8fd4-8f8463de2ea3"><testcase classname="tests.test_gopal_api" name="test_config_returns_full_structure" time="0.327" /><testcase classname="tests.test_gopal_api" name="test_positions_match_new_idol_tuning" time="0.091" /><testcase classname="tests.test_gopal_api" name="test_idol_variants_all_present" time="0.087" /><testcase classname="tests.test_gopal_api" name="test_serve_idol_variants[idol.png]" time="0.258" /><testcase classname="tests.test_gopal_api" name="test_serve_idol_variants[idol_blue.png]" time="0.358" /><testcase classname="tests.test_gopal_api" name="test_serve_idol_variants[idol_pink.png]" time="0.286" /><testcase classname="tests.test_gopal_api" name="test_admin_verify_ok" time="0.089" /><testcase classname="tests.test_gopal_api" name="test_admin_verify_wrong" time="0.087" /><testcase classname="tests.test_gopal_api" name="test_serve_seeded_asset" time="0.451" /><testcase classname="tests.test_gopal_api" name="test_serve_missing_file_404" time="0.478" /><testcase classname="tests.test_gopal_api" name="test_upload_without_pin_rejected" time="0.091" /><testcase classname="tests.test_gopal_api" name="test_upload_with_wrong_pin_rejected" time="0.082" /><testcase classname="tests.test_gopal_api" name="test_upload_with_pin_updates_config" time="0.470" /><testcase classname="tests.test_gopal_api" name="test_upload_invalid_slot" time="0.084" /><testcase classname="tests.test_gopal_api" name="test_progress_save_and_read" time="0.242" /><testcase classname="tests.test_gopal_api" name="test_progress_missing_date_default" time="0.100" /><testcase classname="tests.test_gopal_api" name="test_seed_status" time="0.088" /></testsuite></testsuites>